<?xml version="1.0" encoding="UTF-8"?>
<testng-results ignored="0" total="1" passed="1" failed="0" skipped="0">
  <reporter-output>
  </reporter-output>
  <suite started-at="2024-09-10T20:28:06 IST" name="Default suite" finished-at="2024-09-10T20:28:06 IST" duration-ms="101">
    <groups>
    </groups>
    <test started-at="2024-09-10T20:28:06 IST" name="Default test" finished-at="2024-09-10T20:28:06 IST" duration-ms="101">
      <class name="JavaProgramm.ReverseString">
        <test-method signature="reverseString()[pri:0, instance:JavaProgramm.ReverseString@7bab3f1a]" started-at="2024-09-10T20:28:06 IST" name="reverseString" finished-at="2024-09-10T20:28:06 IST" duration-ms="19" status="PASS">
          <reporter-output>
          </reporter-output>
        </test-method> <!-- reverseString -->
      </class> <!-- JavaProgramm.ReverseString -->
    </test> <!-- Default test -->
  </suite> <!-- Default suite -->
</testng-results>
